<?xml version="1.0" encoding="UTF-8"?>
<robot generator="Robot 3.1.2 (Python 3.8.2 on win32)" generated="20200419 20:04:17.700" rpa="false">
<suite id="s1" name="Checkbox" source="C:\qaninja\robot\checkbox.robot">
<test id="s1-t1" name="Marcando uma opção com Id">
<status status="FAIL" starttime="20200419 20:04:17.851" endtime="20200419 20:04:17.851" critical="yes">Test case contains no keywords.</status>
</test>
<test id="s1-t2" name="Open Browser">
<kw>
<assign>
<var>${url}</var>
</assign>
<msg timestamp="20200419 20:04:17.852" level="FAIL">Keyword name cannot be empty.</msg>
<status status="FAIL" starttime="20200419 20:04:17.852" endtime="20200419 20:04:17.852"></status>
</kw>
<status status="FAIL" starttime="20200419 20:04:17.852" endtime="20200419 20:04:17.853" critical="yes">Keyword name cannot be empty.</status>
</test>
<test id="s1-t3" name="Go To">
<kw name="${url}/checkboxes">
<msg timestamp="20200419 20:04:17.855" level="FAIL">No keyword with name '${url}/checkboxes' found.</msg>
<status status="FAIL" starttime="20200419 20:04:17.855" endtime="20200419 20:04:17.855"></status>
</kw>
<status status="FAIL" starttime="20200419 20:04:17.853" endtime="20200419 20:04:17.856" critical="yes">No keyword with name '${url}/checkboxes' found.</status>
</test>
<test id="s1-t4" name="Select checkbox">
<kw name="id:thor">
<msg timestamp="20200419 20:04:17.858" level="FAIL">No keyword with name 'id:thor' found.</msg>
<status status="FAIL" starttime="20200419 20:04:17.858" endtime="20200419 20:04:17.858"></status>
</kw>
<status status="FAIL" starttime="20200419 20:04:17.856" endtime="20200419 20:04:17.858" critical="yes">No keyword with name 'id:thor' found.</status>
</test>
<test id="s1-t5" name="Checkbox Should be Selected">
<kw name="id:thor">
<msg timestamp="20200419 20:04:17.860" level="FAIL">No keyword with name 'id:thor' found.</msg>
<status status="FAIL" starttime="20200419 20:04:17.860" endtime="20200419 20:04:17.860"></status>
</kw>
<status status="FAIL" starttime="20200419 20:04:17.859" endtime="20200419 20:04:17.861" critical="yes">No keyword with name 'id:thor' found.</status>
</test>
<test id="s1-t6" name="Close Browser">
<status status="FAIL" starttime="20200419 20:04:17.861" endtime="20200419 20:04:17.862" critical="yes">Test case contains no keywords.</status>
</test>
<status status="FAIL" starttime="20200419 20:04:17.702" endtime="20200419 20:04:17.863"></status>
</suite>
<statistics>
<total>
<stat pass="0" fail="6">Critical Tests</stat>
<stat pass="0" fail="6">All Tests</stat>
</total>
<tag>
</tag>
<suite>
<stat pass="0" fail="6" id="s1" name="Checkbox">Checkbox</stat>
</suite>
</statistics>
<errors>
<msg timestamp="20200419 20:04:17.847" level="ERROR">Error in file 'C:\qaninja\robot\checkbox.robot': Importing test library 'SeleniumLibrary' failed: ModuleNotFoundError: No module named 'SeleniumLibrary'
Traceback (most recent call last):
  None
PYTHONPATH:
  C:\Users\Anton\AppData\Local\Programs\Python\Python38-32\Scripts\robot.exe
  c:\users\anton\appdata\local\programs\python\python38-32\python38.zip
  c:\users\anton\appdata\local\programs\python\python38-32\DLLs
  c:\users\anton\appdata\local\programs\python\python38-32\lib
  c:\users\anton\appdata\local\programs\python\python38-32
  C:\Users\Anton\AppData\Roaming\Python\Python38\site-packages
  c:\users\anton\appdata\local\programs\python\python38-32\lib\site-packages</msg>
</errors>
</robot>
